<?xml version="1.0" encoding="UTF-8"?>
<testsuite name="com.example.android.SimpleCalc.CalculatorTest" tests="1" skipped="0" failures="0" errors="0" timestamp="2023-03-23T07:13:44" hostname="DESKTOP-DLUCPI1" time="0.003">
  <properties/>
  <testcase name="divTwoNumbers" classname="com.example.android.SimpleCalc.CalculatorTest" time="0.003"/>
  <system-out><![CDATA[]]></system-out>
  <system-err><![CDATA[]]></system-err>
</testsuite>
